{"level":"info","message":"hola esto es un mensaje informativo","service":"user-service"}
{"level":"warn","message":"esto es un mensaje de advertencia","service":"user-service"}
{"level":"error","message":"esto es un error","service":"user-service"}
{"level":"info","message":"hola esto es un mensaje informativo","service":"user-service"}
{"level":"debug","message":"esto es un mensaje de debu","service":"user-service"}
{"level":"warn","message":"esto es un mensaje de advertencia","service":"user-service"}
{"level":"error","message":"esto es un error","service":"user-service"}
{"level":"info","message":"hola esto es un mensaje informativo","service":"user-service"}
{"level":"debug","message":"esto es un mensaje de debu","service":"user-service"}
{"level":"warn","message":"esto es un mensaje de advertencia","service":"user-service"}
{"level":"error","message":"esto es un error","service":"user-service"}
{"level":"info","message":"hola esto es un mensaje informativo"}
{"level":"debug","message":"esto es un mensaje de debu"}
{"level":"warn","message":"esto es un mensaje de advertencia"}
{"level":"error","message":"esto es un error"}
{"level":"info","message":"hola esto es un mensaje informativo"}
{"level":"debug","message":"esto es un mensaje de debu"}
{"level":"warn","message":"esto es un mensaje de advertencia"}
{"level":"error","message":"esto es un error"}
{"level":"error","message":"Error: showError function"}
{"level":"info","message":"hola esto es un mensaje informativo"}
{"level":"debug","message":"esto es un mensaje de debu"}
{"level":"warn","message":"esto es un mensaje de advertencia"}
{"level":"error","message":"esto es un error"}
